Arguments: 
  C:\Program Files\nodejs\node.exe C:\Program Files (x86)\Yarn\bin\yarn.js add typescript

PATH: 
  C:\Program Files (x86)\Common Files\Intel\Shared Libraries\redist\intel64\compiler;C:\Python39\Scripts\;C:\Python39\;C:\Program Files (x86)\Intel\iCLS Client\;C:\Program Files\Intel\iCLS Client\;C:\WINDOWS\system32;C:\WINDOWS;C:\WINDOWS\System32\Wbem;C:\WINDOWS\System32\WindowsPowerShell\v1.0\;C:\WINDOWS\System32\OpenSSH\;C:\Program Files (x86)\Intel\Intel(R) Management Engine Components\DAL;C:\Program Files\Intel\Intel(R) Management Engine Components\DAL;C:\Program Files (x86)\Intel\Intel(R) Management Engine Components\IPT;C:\Program Files\Intel\Intel(R) Management Engine Components\IPT;C:\Program Files\Intel\WiFi\bin\;C:\Program Files\Common Files\Intel\WirelessCommon\;C:\ProgramData\chocolatey\bin;C:\Program Files\CMake\bin;C:\Program Files (x86)\Yarn\bin\;C:\Program Files\Amazon\AWSCLIV2\;C:\Program Files\nodejs\;C:\Program Files\Git\cmd;C:\Users\Information\AppData\Local\Microsoft\WindowsApps;C:\Users\Information\AppData\Local\GitHubDesktop\bin;C:\Users\Information\AppData\Local\.meteor;C:\Users\Information\AppData\Local\Programs\Microsoft VS Code\bin;C:\Users\Information\AppData\Local\atom\bin;C:\Users\Information\AppData\Local\Yarn\bin;C:\Users\Information\AppData\Roaming\npm;C:\Users\Information\AppData\Local\Microsoft\WindowsApps;C:\Program Files\heroku\bin

Yarn version: 
  1.22.5

Node version: 
  14.15.4

Platform: 
  win32 x64

Trace: 
  SyntaxError: C:\Users\Information\Desktop\shielkwamm\package.json: Unexpected token } in JSON at position 657
      at JSON.parse (<anonymous>)
      at C:\Program Files (x86)\Yarn\lib\cli.js:1625:59
      at Generator.next (<anonymous>)
      at step (C:\Program Files (x86)\Yarn\lib\cli.js:310:30)
      at C:\Program Files (x86)\Yarn\lib\cli.js:321:13

npm manifest: 
  {
    "name": "shielkwamm",
    "version": "0.0.1",
    "description": "=== shielkwamm ===",
    "main": "index.js",
    "scripts": {
      "test": "echo \"Error: no test specified\" && exit 1"
    },
    "repository": {
      "type": "git",
      "url": "git+https://github.com/Shielkwamm/shielkwamm.git"
    },
    "author": "shielkwamm",
    "license": "ISC",
    "bugs": {
      "url": "https://github.com/Shielkwamm/shielkwamm/issues"
    },
    "homepage": "https://github.com/Shielkwamm/shielkwamm#readme",
    "peerDependencies": {      
      "react": "^17.0.3",
      "react-dom": "^17.0.3"
    },
   "devDependencies": {      
      "react": "^17.0.3",      
      "react-dom": "^17.0.3"  
  }, 
  }

yarn manifest: 
  No manifest

Lockfile: 
  No lockfile
